2023-12-25T10:11:40+00:00 CRITICAL Uncaught Error: Class 'Custom_Menu_Walker' not found in /Users/Mr.Ps/projects/phonebarz/wp-content/themes/storefront/header.php:234
Stack trace:
#0 /Users/Mr.Ps/projects/phonebarz/wp-includes/template.php(790): require_once()
#1 /Users/Mr.Ps/projects/phonebarz/wp-includes/template.php(725): load_template('/Users/Mr.Ps/pr...', true, Array)
#2 /Users/Mr.Ps/projects/phonebarz/wp-includes/general-template.php(48): locate_template(Array, true, true, Array)
#3 /Users/Mr.Ps/projects/phonebarz/wp-content/themes/storefront/template-homepage.php(7): get_header()
#4 /Users/Mr.Ps/projects/phonebarz/wp-includes/template-loader.php(106): include('/Users/Mr.Ps/pr...')
#5 /Users/Mr.Ps/projects/phonebarz/wp-blog-header.php(19): require_once('/Users/Mr.Ps/pr...')
#6 /Users/Mr.Ps/projects/phonebarz/index.php(17): require('/Users/Mr.Ps/pr...')
#7 /Users/Mr.Ps/.composer/vendor/laravel/valet/server.php(250): require('/Users/Mr.Ps/pr...')
#8 {main}
  thrown in /Users/Mr.Ps/projects/phonebarz/wp-content/themes/storefront/header.php on line 234

2023-12-25T10:11:47+00:00 CRITICAL Uncaught Error: Class 'Custom_Menu_Walker' not found in /Users/Mr.Ps/projects/phonebarz/wp-content/themes/storefront/header.php:234
Stack trace:
#0 /Users/Mr.Ps/projects/phonebarz/wp-includes/template.php(790): require_once()
#1 /Users/Mr.Ps/projects/phonebarz/wp-includes/template.php(725): load_template('/Users/Mr.Ps/pr...', true, Array)
#2 /Users/Mr.Ps/projects/phonebarz/wp-includes/general-template.php(48): locate_template(Array, true, true, Array)
#3 /Users/Mr.Ps/projects/phonebarz/wp-content/themes/storefront/404.php(8): get_header()
#4 /Users/Mr.Ps/projects/phonebarz/wp-includes/template-loader.php(106): include('/Users/Mr.Ps/pr...')
#5 /Users/Mr.Ps/projects/phonebarz/wp-blog-header.php(19): require_once('/Users/Mr.Ps/pr...')
#6 /Users/Mr.Ps/projects/phonebarz/index.php(17): require('/Users/Mr.Ps/pr...')
#7 /Users/Mr.Ps/.composer/vendor/laravel/valet/server.php(250): require('/Users/Mr.Ps/pr...')
#8 {main}
  thrown in /Users/Mr.Ps/projects/phonebarz/wp-content/themes/storefront/header.php on line 234

2023-12-25T10:11:47+00:00 CRITICAL Uncaught Error: Class 'Custom_Menu_Walker' not found in /Users/Mr.Ps/projects/phonebarz/wp-content/themes/storefront/header.php:234
Stack trace:
#0 /Users/Mr.Ps/projects/phonebarz/wp-includes/template.php(790): require_once()
#1 /Users/Mr.Ps/projects/phonebarz/wp-includes/template.php(725): load_template('/Users/Mr.Ps/pr...', true, Array)
#2 /Users/Mr.Ps/projects/phonebarz/wp-includes/general-template.php(48): locate_template(Array, true, true, Array)
#3 /Users/Mr.Ps/projects/phonebarz/wp-content/themes/storefront/404.php(8): get_header()
#4 /Users/Mr.Ps/projects/phonebarz/wp-includes/template-loader.php(106): include('/Users/Mr.Ps/pr...')
#5 /Users/Mr.Ps/projects/phonebarz/wp-blog-header.php(19): require_once('/Users/Mr.Ps/pr...')
#6 /Users/Mr.Ps/projects/phonebarz/index.php(17): require('/Users/Mr.Ps/pr...')
#7 /Users/Mr.Ps/.composer/vendor/laravel/valet/server.php(250): require('/Users/Mr.Ps/pr...')
#8 {main}
  thrown in /Users/Mr.Ps/projects/phonebarz/wp-content/themes/storefront/header.php on line 234

2023-12-25T10:12:08+00:00 CRITICAL Uncaught Error: Class 'Custom_Menu_Walker' not found in /Users/Mr.Ps/projects/phonebarz/wp-content/themes/storefront/header.php:234
Stack trace:
#0 /Users/Mr.Ps/projects/phonebarz/wp-includes/template.php(790): require_once()
#1 /Users/Mr.Ps/projects/phonebarz/wp-includes/template.php(725): load_template('/Users/Mr.Ps/pr...', true, Array)
#2 /Users/Mr.Ps/projects/phonebarz/wp-includes/general-template.php(48): locate_template(Array, true, true, Array)
#3 /Users/Mr.Ps/projects/phonebarz/wp-content/themes/storefront/template-homepage.php(7): get_header()
#4 /Users/Mr.Ps/projects/phonebarz/wp-includes/template-loader.php(106): include('/Users/Mr.Ps/pr...')
#5 /Users/Mr.Ps/projects/phonebarz/wp-blog-header.php(19): require_once('/Users/Mr.Ps/pr...')
#6 /Users/Mr.Ps/projects/phonebarz/index.php(17): require('/Users/Mr.Ps/pr...')
#7 /Users/Mr.Ps/.composer/vendor/laravel/valet/server.php(250): require('/Users/Mr.Ps/pr...')
#8 {main}
  thrown in /Users/Mr.Ps/projects/phonebarz/wp-content/themes/storefront/header.php on line 234

2023-12-25T10:12:11+00:00 CRITICAL Uncaught Error: Class 'Custom_Menu_Walker' not found in /Users/Mr.Ps/projects/phonebarz/wp-content/themes/storefront/header.php:234
Stack trace:
#0 /Users/Mr.Ps/projects/phonebarz/wp-includes/template.php(790): require_once()
#1 /Users/Mr.Ps/projects/phonebarz/wp-includes/template.php(725): load_template('/Users/Mr.Ps/pr...', true, Array)
#2 /Users/Mr.Ps/projects/phonebarz/wp-includes/general-template.php(48): locate_template(Array, true, true, Array)
#3 /Users/Mr.Ps/projects/phonebarz/wp-content/themes/storefront/404.php(8): get_header()
#4 /Users/Mr.Ps/projects/phonebarz/wp-includes/template-loader.php(106): include('/Users/Mr.Ps/pr...')
#5 /Users/Mr.Ps/projects/phonebarz/wp-blog-header.php(19): require_once('/Users/Mr.Ps/pr...')
#6 /Users/Mr.Ps/projects/phonebarz/index.php(17): require('/Users/Mr.Ps/pr...')
#7 /Users/Mr.Ps/.composer/vendor/laravel/valet/server.php(250): require('/Users/Mr.Ps/pr...')
#8 {main}
  thrown in /Users/Mr.Ps/projects/phonebarz/wp-content/themes/storefront/header.php on line 234

2023-12-25T10:12:11+00:00 CRITICAL Uncaught Error: Class 'Custom_Menu_Walker' not found in /Users/Mr.Ps/projects/phonebarz/wp-content/themes/storefront/header.php:234
Stack trace:
#0 /Users/Mr.Ps/projects/phonebarz/wp-includes/template.php(790): require_once()
#1 /Users/Mr.Ps/projects/phonebarz/wp-includes/template.php(725): load_template('/Users/Mr.Ps/pr...', true, Array)
#2 /Users/Mr.Ps/projects/phonebarz/wp-includes/general-template.php(48): locate_template(Array, true, true, Array)
#3 /Users/Mr.Ps/projects/phonebarz/wp-content/themes/storefront/404.php(8): get_header()
#4 /Users/Mr.Ps/projects/phonebarz/wp-includes/template-loader.php(106): include('/Users/Mr.Ps/pr...')
#5 /Users/Mr.Ps/projects/phonebarz/wp-blog-header.php(19): require_once('/Users/Mr.Ps/pr...')
#6 /Users/Mr.Ps/projects/phonebarz/index.php(17): require('/Users/Mr.Ps/pr...')
#7 /Users/Mr.Ps/.composer/vendor/laravel/valet/server.php(250): require('/Users/Mr.Ps/pr...')
#8 {main}
  thrown in /Users/Mr.Ps/projects/phonebarz/wp-content/themes/storefront/header.php on line 234

2023-12-25T10:14:38+00:00 CRITICAL Uncaught Error: Class 'Custom_Menu_Walker' not found in /Users/Mr.Ps/projects/phonebarz/wp-content/themes/storefront/header.php:234
Stack trace:
#0 /Users/Mr.Ps/projects/phonebarz/wp-includes/template.php(790): require_once()
#1 /Users/Mr.Ps/projects/phonebarz/wp-includes/template.php(725): load_template('/Users/Mr.Ps/pr...', true, Array)
#2 /Users/Mr.Ps/projects/phonebarz/wp-includes/general-template.php(48): locate_template(Array, true, true, Array)
#3 /Users/Mr.Ps/projects/phonebarz/wp-content/themes/storefront/template-homepage.php(7): get_header()
#4 /Users/Mr.Ps/projects/phonebarz/wp-includes/template-loader.php(106): include('/Users/Mr.Ps/pr...')
#5 /Users/Mr.Ps/projects/phonebarz/wp-blog-header.php(19): require_once('/Users/Mr.Ps/pr...')
#6 /Users/Mr.Ps/projects/phonebarz/index.php(17): require('/Users/Mr.Ps/pr...')
#7 /Users/Mr.Ps/.composer/vendor/laravel/valet/server.php(250): require('/Users/Mr.Ps/pr...')
#8 {main}
  thrown in /Users/Mr.Ps/projects/phonebarz/wp-content/themes/storefront/header.php on line 234

2023-12-25T10:14:46+00:00 CRITICAL Uncaught Error: Class 'Custom_Menu_Walker' not found in /Users/Mr.Ps/projects/phonebarz/wp-content/themes/storefront/header.php:234
Stack trace:
#0 /Users/Mr.Ps/projects/phonebarz/wp-includes/template.php(790): require_once()
#1 /Users/Mr.Ps/projects/phonebarz/wp-includes/template.php(725): load_template('/Users/Mr.Ps/pr...', true, Array)
#2 /Users/Mr.Ps/projects/phonebarz/wp-includes/general-template.php(48): locate_template(Array, true, true, Array)
#3 /Users/Mr.Ps/projects/phonebarz/wp-content/themes/storefront/404.php(8): get_header()
#4 /Users/Mr.Ps/projects/phonebarz/wp-includes/template-loader.php(106): include('/Users/Mr.Ps/pr...')
#5 /Users/Mr.Ps/projects/phonebarz/wp-blog-header.php(19): require_once('/Users/Mr.Ps/pr...')
#6 /Users/Mr.Ps/projects/phonebarz/index.php(17): require('/Users/Mr.Ps/pr...')
#7 /Users/Mr.Ps/.composer/vendor/laravel/valet/server.php(250): require('/Users/Mr.Ps/pr...')
#8 {main}
  thrown in /Users/Mr.Ps/projects/phonebarz/wp-content/themes/storefront/header.php on line 234

2023-12-25T10:14:46+00:00 CRITICAL Uncaught Error: Class 'Custom_Menu_Walker' not found in /Users/Mr.Ps/projects/phonebarz/wp-content/themes/storefront/header.php:234
Stack trace:
#0 /Users/Mr.Ps/projects/phonebarz/wp-includes/template.php(790): require_once()
#1 /Users/Mr.Ps/projects/phonebarz/wp-includes/template.php(725): load_template('/Users/Mr.Ps/pr...', true, Array)
#2 /Users/Mr.Ps/projects/phonebarz/wp-includes/general-template.php(48): locate_template(Array, true, true, Array)
#3 /Users/Mr.Ps/projects/phonebarz/wp-content/themes/storefront/404.php(8): get_header()
#4 /Users/Mr.Ps/projects/phonebarz/wp-includes/template-loader.php(106): include('/Users/Mr.Ps/pr...')
#5 /Users/Mr.Ps/projects/phonebarz/wp-blog-header.php(19): require_once('/Users/Mr.Ps/pr...')
#6 /Users/Mr.Ps/projects/phonebarz/index.php(17): require('/Users/Mr.Ps/pr...')
#7 /Users/Mr.Ps/.composer/vendor/laravel/valet/server.php(250): require('/Users/Mr.Ps/pr...')
#8 {main}
  thrown in /Users/Mr.Ps/projects/phonebarz/wp-content/themes/storefront/header.php on line 234

2023-12-25T10:19:24+00:00 CRITICAL Cannot redeclare start_lvl() (previously declared in /Users/Mr.Ps/projects/phonebarz/wp-content/themes/storefront/custom-menu-walker.php:7) in /Users/Mr.Ps/projects/phonebarz/wp-content/themes/storefront/custom-menu-walker.php on line 7

2023-12-25T10:19:25+00:00 CRITICAL Cannot redeclare start_lvl() (previously declared in /Users/Mr.Ps/projects/phonebarz/wp-content/themes/storefront/custom-menu-walker.php:7) in /Users/Mr.Ps/projects/phonebarz/wp-content/themes/storefront/custom-menu-walker.php on line 7

2023-12-25T10:19:27+00:00 CRITICAL Cannot redeclare start_lvl() (previously declared in /Users/Mr.Ps/projects/phonebarz/wp-content/themes/storefront/custom-menu-walker.php:7) in /Users/Mr.Ps/projects/phonebarz/wp-content/themes/storefront/custom-menu-walker.php on line 7

2023-12-25T10:19:27+00:00 CRITICAL Cannot redeclare start_lvl() (previously declared in /Users/Mr.Ps/projects/phonebarz/wp-content/themes/storefront/custom-menu-walker.php:7) in /Users/Mr.Ps/projects/phonebarz/wp-content/themes/storefront/custom-menu-walker.php on line 7

2023-12-25T10:19:27+00:00 CRITICAL Cannot redeclare start_lvl() (previously declared in /Users/Mr.Ps/projects/phonebarz/wp-content/themes/storefront/custom-menu-walker.php:7) in /Users/Mr.Ps/projects/phonebarz/wp-content/themes/storefront/custom-menu-walker.php on line 7

2023-12-25T10:19:28+00:00 CRITICAL Cannot redeclare start_lvl() (previously declared in /Users/Mr.Ps/projects/phonebarz/wp-content/themes/storefront/custom-menu-walker.php:7) in /Users/Mr.Ps/projects/phonebarz/wp-content/themes/storefront/custom-menu-walker.php on line 7

2023-12-25T10:20:46+00:00 CRITICAL Cannot redeclare start_lvl() (previously declared in /Users/Mr.Ps/projects/phonebarz/wp-content/themes/storefront/custom-menu-walker.php:7) in /Users/Mr.Ps/projects/phonebarz/wp-content/themes/storefront/custom-menu-walker.php on line 7

2023-12-25T10:20:50+00:00 CRITICAL Cannot redeclare start_lvl() (previously declared in /Users/Mr.Ps/projects/phonebarz/wp-content/themes/storefront/custom-menu-walker.php:7) in /Users/Mr.Ps/projects/phonebarz/wp-content/themes/storefront/custom-menu-walker.php on line 7

2023-12-25T10:20:50+00:00 CRITICAL Cannot redeclare start_lvl() (previously declared in /Users/Mr.Ps/projects/phonebarz/wp-content/themes/storefront/custom-menu-walker.php:7) in /Users/Mr.Ps/projects/phonebarz/wp-content/themes/storefront/custom-menu-walker.php on line 7

2023-12-25T10:21:30+00:00 CRITICAL require_once(): Failed opening required '/Users/Mr.Ps/projects/phonebarz/wp-content/themes/storefront/custom_walker.php' (include_path='.:/usr/local/Cellar/php@7.4/7.4.33_5/share/php@7.4/pear') in /Users/Mr.Ps/projects/phonebarz/wp-content/themes/storefront/functions.php on line 392

2023-12-25T10:21:31+00:00 CRITICAL require_once(): Failed opening required '/Users/Mr.Ps/projects/phonebarz/wp-content/themes/storefront/custom_walker.php' (include_path='.:/usr/local/Cellar/php@7.4/7.4.33_5/share/php@7.4/pear') in /Users/Mr.Ps/projects/phonebarz/wp-content/themes/storefront/functions.php on line 392

2023-12-25T10:21:52+00:00 CRITICAL require_once(): Failed opening required '/Users/Mr.Ps/projects/phonebarz/wp-content/themes/storefront/custom_walker.php' (include_path='.:/usr/local/Cellar/php@7.4/7.4.33_5/share/php@7.4/pear') in /Users/Mr.Ps/projects/phonebarz/wp-content/themes/storefront/functions.php on line 392

2023-12-25T10:21:54+00:00 CRITICAL require_once(): Failed opening required '/Users/Mr.Ps/projects/phonebarz/wp-content/themes/storefront/custom_walker.php' (include_path='.:/usr/local/Cellar/php@7.4/7.4.33_5/share/php@7.4/pear') in /Users/Mr.Ps/projects/phonebarz/wp-content/themes/storefront/functions.php on line 392

2023-12-25T10:22:16+00:00 CRITICAL Cannot redeclare start_lvl() (previously declared in /Users/Mr.Ps/projects/phonebarz/wp-content/themes/storefront/custom-walker.php:7) in /Users/Mr.Ps/projects/phonebarz/wp-content/themes/storefront/custom-walker.php on line 7

2023-12-25T10:22:22+00:00 CRITICAL Cannot redeclare start_lvl() (previously declared in /Users/Mr.Ps/projects/phonebarz/wp-content/themes/storefront/custom-walker.php:7) in /Users/Mr.Ps/projects/phonebarz/wp-content/themes/storefront/custom-walker.php on line 7

2023-12-25T10:22:23+00:00 CRITICAL Cannot redeclare start_lvl() (previously declared in /Users/Mr.Ps/projects/phonebarz/wp-content/themes/storefront/custom-walker.php:7) in /Users/Mr.Ps/projects/phonebarz/wp-content/themes/storefront/custom-walker.php on line 7

2023-12-25T10:22:33+00:00 CRITICAL Cannot redeclare start_el() (previously declared in /Users/Mr.Ps/projects/phonebarz/wp-content/themes/storefront/custom-walker.php:9) in /Users/Mr.Ps/projects/phonebarz/wp-content/themes/storefront/custom-walker.php on line 9

2023-12-25T10:22:35+00:00 CRITICAL Cannot redeclare start_el() (previously declared in /Users/Mr.Ps/projects/phonebarz/wp-content/themes/storefront/custom-walker.php:9) in /Users/Mr.Ps/projects/phonebarz/wp-content/themes/storefront/custom-walker.php on line 9

2023-12-25T10:22:35+00:00 CRITICAL Cannot redeclare start_el() (previously declared in /Users/Mr.Ps/projects/phonebarz/wp-content/themes/storefront/custom-walker.php:9) in /Users/Mr.Ps/projects/phonebarz/wp-content/themes/storefront/custom-walker.php on line 9

2023-12-25T10:22:44+00:00 CRITICAL Uncaught Error: Class 'WP_Bootstrap_Navwalker' not found in /Users/Mr.Ps/projects/phonebarz/wp-content/themes/storefront/header.php:530
Stack trace:
#0 /Users/Mr.Ps/projects/phonebarz/wp-includes/template.php(790): require_once()
#1 /Users/Mr.Ps/projects/phonebarz/wp-includes/template.php(725): load_template('/Users/Mr.Ps/pr...', true, Array)
#2 /Users/Mr.Ps/projects/phonebarz/wp-includes/general-template.php(48): locate_template(Array, true, true, Array)
#3 /Users/Mr.Ps/projects/phonebarz/wp-content/themes/storefront/template-homepage.php(7): get_header()
#4 /Users/Mr.Ps/projects/phonebarz/wp-includes/template-loader.php(106): include('/Users/Mr.Ps/pr...')
#5 /Users/Mr.Ps/projects/phonebarz/wp-blog-header.php(19): require_once('/Users/Mr.Ps/pr...')
#6 /Users/Mr.Ps/projects/phonebarz/index.php(17): require('/Users/Mr.Ps/pr...')
#7 /Users/Mr.Ps/.composer/vendor/laravel/valet/server.php(250): require('/Users/Mr.Ps/pr...')
#8 {main}
  thrown in /Users/Mr.Ps/projects/phonebarz/wp-content/themes/storefront/header.php on line 530

2023-12-25T10:22:47+00:00 CRITICAL Uncaught Error: Class 'WP_Bootstrap_Navwalker' not found in /Users/Mr.Ps/projects/phonebarz/wp-content/themes/storefront/header.php:530
Stack trace:
#0 /Users/Mr.Ps/projects/phonebarz/wp-includes/template.php(790): require_once()
#1 /Users/Mr.Ps/projects/phonebarz/wp-includes/template.php(725): load_template('/Users/Mr.Ps/pr...', true, Array)
#2 /Users/Mr.Ps/projects/phonebarz/wp-includes/general-template.php(48): locate_template(Array, true, true, Array)
#3 /Users/Mr.Ps/projects/phonebarz/wp-content/themes/storefront/404.php(8): get_header()
#4 /Users/Mr.Ps/projects/phonebarz/wp-includes/template-loader.php(106): include('/Users/Mr.Ps/pr...')
#5 /Users/Mr.Ps/projects/phonebarz/wp-blog-header.php(19): require_once('/Users/Mr.Ps/pr...')
#6 /Users/Mr.Ps/projects/phonebarz/index.php(17): require('/Users/Mr.Ps/pr...')
#7 /Users/Mr.Ps/.composer/vendor/laravel/valet/server.php(250): require('/Users/Mr.Ps/pr...')
#8 {main}
  thrown in /Users/Mr.Ps/projects/phonebarz/wp-content/themes/storefront/header.php on line 530

2023-12-25T10:22:47+00:00 CRITICAL Uncaught Error: Class 'WP_Bootstrap_Navwalker' not found in /Users/Mr.Ps/projects/phonebarz/wp-content/themes/storefront/header.php:530
Stack trace:
#0 /Users/Mr.Ps/projects/phonebarz/wp-includes/template.php(790): require_once()
#1 /Users/Mr.Ps/projects/phonebarz/wp-includes/template.php(725): load_template('/Users/Mr.Ps/pr...', true, Array)
#2 /Users/Mr.Ps/projects/phonebarz/wp-includes/general-template.php(48): locate_template(Array, true, true, Array)
#3 /Users/Mr.Ps/projects/phonebarz/wp-content/themes/storefront/404.php(8): get_header()
#4 /Users/Mr.Ps/projects/phonebarz/wp-includes/template-loader.php(106): include('/Users/Mr.Ps/pr...')
#5 /Users/Mr.Ps/projects/phonebarz/wp-blog-header.php(19): require_once('/Users/Mr.Ps/pr...')
#6 /Users/Mr.Ps/projects/phonebarz/index.php(17): require('/Users/Mr.Ps/pr...')
#7 /Users/Mr.Ps/.composer/vendor/laravel/valet/server.php(250): require('/Users/Mr.Ps/pr...')
#8 {main}
  thrown in /Users/Mr.Ps/projects/phonebarz/wp-content/themes/storefront/header.php on line 530

2023-12-25T10:23:20+00:00 CRITICAL Uncaught Error: Class 'WP_Bootstrap_Navwalker' not found in /Users/Mr.Ps/projects/phonebarz/wp-content/themes/storefront/header.php:530
Stack trace:
#0 /Users/Mr.Ps/projects/phonebarz/wp-includes/template.php(790): require_once()
#1 /Users/Mr.Ps/projects/phonebarz/wp-includes/template.php(725): load_template('/Users/Mr.Ps/pr...', true, Array)
#2 /Users/Mr.Ps/projects/phonebarz/wp-includes/general-template.php(48): locate_template(Array, true, true, Array)
#3 /Users/Mr.Ps/projects/phonebarz/wp-content/themes/storefront/template-homepage.php(7): get_header()
#4 /Users/Mr.Ps/projects/phonebarz/wp-includes/template-loader.php(106): include('/Users/Mr.Ps/pr...')
#5 /Users/Mr.Ps/projects/phonebarz/wp-blog-header.php(19): require_once('/Users/Mr.Ps/pr...')
#6 /Users/Mr.Ps/projects/phonebarz/index.php(17): require('/Users/Mr.Ps/pr...')
#7 /Users/Mr.Ps/.composer/vendor/laravel/valet/server.php(250): require('/Users/Mr.Ps/pr...')
#8 {main}
  thrown in /Users/Mr.Ps/projects/phonebarz/wp-content/themes/storefront/header.php on line 530

2023-12-25T10:23:23+00:00 CRITICAL Uncaught Error: Class 'WP_Bootstrap_Navwalker' not found in /Users/Mr.Ps/projects/phonebarz/wp-content/themes/storefront/header.php:530
Stack trace:
#0 /Users/Mr.Ps/projects/phonebarz/wp-includes/template.php(790): require_once()
#1 /Users/Mr.Ps/projects/phonebarz/wp-includes/template.php(725): load_template('/Users/Mr.Ps/pr...', true, Array)
#2 /Users/Mr.Ps/projects/phonebarz/wp-includes/general-template.php(48): locate_template(Array, true, true, Array)
#3 /Users/Mr.Ps/projects/phonebarz/wp-content/themes/storefront/404.php(8): get_header()
#4 /Users/Mr.Ps/projects/phonebarz/wp-includes/template-loader.php(106): include('/Users/Mr.Ps/pr...')
#5 /Users/Mr.Ps/projects/phonebarz/wp-blog-header.php(19): require_once('/Users/Mr.Ps/pr...')
#6 /Users/Mr.Ps/projects/phonebarz/index.php(17): require('/Users/Mr.Ps/pr...')
#7 /Users/Mr.Ps/.composer/vendor/laravel/valet/server.php(250): require('/Users/Mr.Ps/pr...')
#8 {main}
  thrown in /Users/Mr.Ps/projects/phonebarz/wp-content/themes/storefront/header.php on line 530

2023-12-25T10:23:23+00:00 CRITICAL Uncaught Error: Class 'WP_Bootstrap_Navwalker' not found in /Users/Mr.Ps/projects/phonebarz/wp-content/themes/storefront/header.php:530
Stack trace:
#0 /Users/Mr.Ps/projects/phonebarz/wp-includes/template.php(790): require_once()
#1 /Users/Mr.Ps/projects/phonebarz/wp-includes/template.php(725): load_template('/Users/Mr.Ps/pr...', true, Array)
#2 /Users/Mr.Ps/projects/phonebarz/wp-includes/general-template.php(48): locate_template(Array, true, true, Array)
#3 /Users/Mr.Ps/projects/phonebarz/wp-content/themes/storefront/404.php(8): get_header()
#4 /Users/Mr.Ps/projects/phonebarz/wp-includes/template-loader.php(106): include('/Users/Mr.Ps/pr...')
#5 /Users/Mr.Ps/projects/phonebarz/wp-blog-header.php(19): require_once('/Users/Mr.Ps/pr...')
#6 /Users/Mr.Ps/projects/phonebarz/index.php(17): require('/Users/Mr.Ps/pr...')
#7 /Users/Mr.Ps/.composer/vendor/laravel/valet/server.php(250): require('/Users/Mr.Ps/pr...')
#8 {main}
  thrown in /Users/Mr.Ps/projects/phonebarz/wp-content/themes/storefront/header.php on line 530

2023-12-25T10:23:43+00:00 CRITICAL Uncaught Error: Class 'WP_Bootstrap_Navwalker' not found in /Users/Mr.Ps/projects/phonebarz/wp-content/themes/storefront/header.php:530
Stack trace:
#0 /Users/Mr.Ps/projects/phonebarz/wp-includes/template.php(790): require_once()
#1 /Users/Mr.Ps/projects/phonebarz/wp-includes/template.php(725): load_template('/Users/Mr.Ps/pr...', true, Array)
#2 /Users/Mr.Ps/projects/phonebarz/wp-includes/general-template.php(48): locate_template(Array, true, true, Array)
#3 /Users/Mr.Ps/projects/phonebarz/wp-content/themes/storefront/template-homepage.php(7): get_header()
#4 /Users/Mr.Ps/projects/phonebarz/wp-includes/template-loader.php(106): include('/Users/Mr.Ps/pr...')
#5 /Users/Mr.Ps/projects/phonebarz/wp-blog-header.php(19): require_once('/Users/Mr.Ps/pr...')
#6 /Users/Mr.Ps/projects/phonebarz/index.php(17): require('/Users/Mr.Ps/pr...')
#7 /Users/Mr.Ps/.composer/vendor/laravel/valet/server.php(250): require('/Users/Mr.Ps/pr...')
#8 {main}
  thrown in /Users/Mr.Ps/projects/phonebarz/wp-content/themes/storefront/header.php on line 530

2023-12-25T10:23:45+00:00 CRITICAL Uncaught Error: Class 'WP_Bootstrap_Navwalker' not found in /Users/Mr.Ps/projects/phonebarz/wp-content/themes/storefront/header.php:530
Stack trace:
#0 /Users/Mr.Ps/projects/phonebarz/wp-includes/template.php(790): require_once()
#1 /Users/Mr.Ps/projects/phonebarz/wp-includes/template.php(725): load_template('/Users/Mr.Ps/pr...', true, Array)
#2 /Users/Mr.Ps/projects/phonebarz/wp-includes/general-template.php(48): locate_template(Array, true, true, Array)
#3 /Users/Mr.Ps/projects/phonebarz/wp-content/themes/storefront/404.php(8): get_header()
#4 /Users/Mr.Ps/projects/phonebarz/wp-includes/template-loader.php(106): include('/Users/Mr.Ps/pr...')
#5 /Users/Mr.Ps/projects/phonebarz/wp-blog-header.php(19): require_once('/Users/Mr.Ps/pr...')
#6 /Users/Mr.Ps/projects/phonebarz/index.php(17): require('/Users/Mr.Ps/pr...')
#7 /Users/Mr.Ps/.composer/vendor/laravel/valet/server.php(250): require('/Users/Mr.Ps/pr...')
#8 {main}
  thrown in /Users/Mr.Ps/projects/phonebarz/wp-content/themes/storefront/header.php on line 530

2023-12-25T10:23:45+00:00 CRITICAL Uncaught Error: Class 'WP_Bootstrap_Navwalker' not found in /Users/Mr.Ps/projects/phonebarz/wp-content/themes/storefront/header.php:530
Stack trace:
#0 /Users/Mr.Ps/projects/phonebarz/wp-includes/template.php(790): require_once()
#1 /Users/Mr.Ps/projects/phonebarz/wp-includes/template.php(725): load_template('/Users/Mr.Ps/pr...', true, Array)
#2 /Users/Mr.Ps/projects/phonebarz/wp-includes/general-template.php(48): locate_template(Array, true, true, Array)
#3 /Users/Mr.Ps/projects/phonebarz/wp-content/themes/storefront/404.php(8): get_header()
#4 /Users/Mr.Ps/projects/phonebarz/wp-includes/template-loader.php(106): include('/Users/Mr.Ps/pr...')
#5 /Users/Mr.Ps/projects/phonebarz/wp-blog-header.php(19): require_once('/Users/Mr.Ps/pr...')
#6 /Users/Mr.Ps/projects/phonebarz/index.php(17): require('/Users/Mr.Ps/pr...')
#7 /Users/Mr.Ps/.composer/vendor/laravel/valet/server.php(250): require('/Users/Mr.Ps/pr...')
#8 {main}
  thrown in /Users/Mr.Ps/projects/phonebarz/wp-content/themes/storefront/header.php on line 530

2023-12-25T10:24:16+00:00 CRITICAL Uncaught Error: Class 'WP_Bootstrap_Navwalker' not found in /Users/Mr.Ps/projects/phonebarz/wp-content/themes/storefront/header.php:529
Stack trace:
#0 /Users/Mr.Ps/projects/phonebarz/wp-includes/template.php(790): require_once()
#1 /Users/Mr.Ps/projects/phonebarz/wp-includes/template.php(725): load_template('/Users/Mr.Ps/pr...', true, Array)
#2 /Users/Mr.Ps/projects/phonebarz/wp-includes/general-template.php(48): locate_template(Array, true, true, Array)
#3 /Users/Mr.Ps/projects/phonebarz/wp-content/themes/storefront/template-homepage.php(7): get_header()
#4 /Users/Mr.Ps/projects/phonebarz/wp-includes/template-loader.php(106): include('/Users/Mr.Ps/pr...')
#5 /Users/Mr.Ps/projects/phonebarz/wp-blog-header.php(19): require_once('/Users/Mr.Ps/pr...')
#6 /Users/Mr.Ps/projects/phonebarz/index.php(17): require('/Users/Mr.Ps/pr...')
#7 /Users/Mr.Ps/.composer/vendor/laravel/valet/server.php(250): require('/Users/Mr.Ps/pr...')
#8 {main}
  thrown in /Users/Mr.Ps/projects/phonebarz/wp-content/themes/storefront/header.php on line 529

2023-12-25T10:24:19+00:00 CRITICAL Uncaught Error: Class 'WP_Bootstrap_Navwalker' not found in /Users/Mr.Ps/projects/phonebarz/wp-content/themes/storefront/header.php:529
Stack trace:
#0 /Users/Mr.Ps/projects/phonebarz/wp-includes/template.php(790): require_once()
#1 /Users/Mr.Ps/projects/phonebarz/wp-includes/template.php(725): load_template('/Users/Mr.Ps/pr...', true, Array)
#2 /Users/Mr.Ps/projects/phonebarz/wp-includes/general-template.php(48): locate_template(Array, true, true, Array)
#3 /Users/Mr.Ps/projects/phonebarz/wp-content/themes/storefront/404.php(8): get_header()
#4 /Users/Mr.Ps/projects/phonebarz/wp-includes/template-loader.php(106): include('/Users/Mr.Ps/pr...')
#5 /Users/Mr.Ps/projects/phonebarz/wp-blog-header.php(19): require_once('/Users/Mr.Ps/pr...')
#6 /Users/Mr.Ps/projects/phonebarz/index.php(17): require('/Users/Mr.Ps/pr...')
#7 /Users/Mr.Ps/.composer/vendor/laravel/valet/server.php(250): require('/Users/Mr.Ps/pr...')
#8 {main}
  thrown in /Users/Mr.Ps/projects/phonebarz/wp-content/themes/storefront/header.php on line 529

2023-12-25T10:24:19+00:00 CRITICAL Uncaught Error: Class 'WP_Bootstrap_Navwalker' not found in /Users/Mr.Ps/projects/phonebarz/wp-content/themes/storefront/header.php:529
Stack trace:
#0 /Users/Mr.Ps/projects/phonebarz/wp-includes/template.php(790): require_once()
#1 /Users/Mr.Ps/projects/phonebarz/wp-includes/template.php(725): load_template('/Users/Mr.Ps/pr...', true, Array)
#2 /Users/Mr.Ps/projects/phonebarz/wp-includes/general-template.php(48): locate_template(Array, true, true, Array)
#3 /Users/Mr.Ps/projects/phonebarz/wp-content/themes/storefront/404.php(8): get_header()
#4 /Users/Mr.Ps/projects/phonebarz/wp-includes/template-loader.php(106): include('/Users/Mr.Ps/pr...')
#5 /Users/Mr.Ps/projects/phonebarz/wp-blog-header.php(19): require_once('/Users/Mr.Ps/pr...')
#6 /Users/Mr.Ps/projects/phonebarz/index.php(17): require('/Users/Mr.Ps/pr...')
#7 /Users/Mr.Ps/.composer/vendor/laravel/valet/server.php(250): require('/Users/Mr.Ps/pr...')
#8 {main}
  thrown in /Users/Mr.Ps/projects/phonebarz/wp-content/themes/storefront/header.php on line 529

2023-12-25T10:24:38+00:00 CRITICAL Uncaught Error: Class 'WP_Bootstrap_Navwalker' not found in /Users/Mr.Ps/projects/phonebarz/wp-content/themes/storefront/header.php:529
Stack trace:
#0 /Users/Mr.Ps/projects/phonebarz/wp-includes/template.php(790): require_once()
#1 /Users/Mr.Ps/projects/phonebarz/wp-includes/template.php(725): load_template('/Users/Mr.Ps/pr...', true, Array)
#2 /Users/Mr.Ps/projects/phonebarz/wp-includes/general-template.php(48): locate_template(Array, true, true, Array)
#3 /Users/Mr.Ps/projects/phonebarz/wp-content/themes/storefront/template-homepage.php(7): get_header()
#4 /Users/Mr.Ps/projects/phonebarz/wp-includes/template-loader.php(106): include('/Users/Mr.Ps/pr...')
#5 /Users/Mr.Ps/projects/phonebarz/wp-blog-header.php(19): require_once('/Users/Mr.Ps/pr...')
#6 /Users/Mr.Ps/projects/phonebarz/index.php(17): require('/Users/Mr.Ps/pr...')
#7 /Users/Mr.Ps/.composer/vendor/laravel/valet/server.php(250): require('/Users/Mr.Ps/pr...')
#8 {main}
  thrown in /Users/Mr.Ps/projects/phonebarz/wp-content/themes/storefront/header.php on line 529

2023-12-25T10:24:41+00:00 CRITICAL Uncaught Error: Class 'WP_Bootstrap_Navwalker' not found in /Users/Mr.Ps/projects/phonebarz/wp-content/themes/storefront/header.php:529
Stack trace:
#0 /Users/Mr.Ps/projects/phonebarz/wp-includes/template.php(790): require_once()
#1 /Users/Mr.Ps/projects/phonebarz/wp-includes/template.php(725): load_template('/Users/Mr.Ps/pr...', true, Array)
#2 /Users/Mr.Ps/projects/phonebarz/wp-includes/general-template.php(48): locate_template(Array, true, true, Array)
#3 /Users/Mr.Ps/projects/phonebarz/wp-content/themes/storefront/404.php(8): get_header()
#4 /Users/Mr.Ps/projects/phonebarz/wp-includes/template-loader.php(106): include('/Users/Mr.Ps/pr...')
#5 /Users/Mr.Ps/projects/phonebarz/wp-blog-header.php(19): require_once('/Users/Mr.Ps/pr...')
#6 /Users/Mr.Ps/projects/phonebarz/index.php(17): require('/Users/Mr.Ps/pr...')
#7 /Users/Mr.Ps/.composer/vendor/laravel/valet/server.php(250): require('/Users/Mr.Ps/pr...')
#8 {main}
  thrown in /Users/Mr.Ps/projects/phonebarz/wp-content/themes/storefront/header.php on line 529

2023-12-25T10:24:41+00:00 CRITICAL Uncaught Error: Class 'WP_Bootstrap_Navwalker' not found in /Users/Mr.Ps/projects/phonebarz/wp-content/themes/storefront/header.php:529
Stack trace:
#0 /Users/Mr.Ps/projects/phonebarz/wp-includes/template.php(790): require_once()
#1 /Users/Mr.Ps/projects/phonebarz/wp-includes/template.php(725): load_template('/Users/Mr.Ps/pr...', true, Array)
#2 /Users/Mr.Ps/projects/phonebarz/wp-includes/general-template.php(48): locate_template(Array, true, true, Array)
#3 /Users/Mr.Ps/projects/phonebarz/wp-content/themes/storefront/404.php(8): get_header()
#4 /Users/Mr.Ps/projects/phonebarz/wp-includes/template-loader.php(106): include('/Users/Mr.Ps/pr...')
#5 /Users/Mr.Ps/projects/phonebarz/wp-blog-header.php(19): require_once('/Users/Mr.Ps/pr...')
#6 /Users/Mr.Ps/projects/phonebarz/index.php(17): require('/Users/Mr.Ps/pr...')
#7 /Users/Mr.Ps/.composer/vendor/laravel/valet/server.php(250): require('/Users/Mr.Ps/pr...')
#8 {main}
  thrown in /Users/Mr.Ps/projects/phonebarz/wp-content/themes/storefront/header.php on line 529

2023-12-25T10:24:47+00:00 CRITICAL Uncaught Error: Class 'WP_Bootstrap_Navwalker' not found in /Users/Mr.Ps/projects/phonebarz/wp-content/themes/storefront/header.php:529
Stack trace:
#0 /Users/Mr.Ps/projects/phonebarz/wp-includes/template.php(790): require_once()
#1 /Users/Mr.Ps/projects/phonebarz/wp-includes/template.php(725): load_template('/Users/Mr.Ps/pr...', true, Array)
#2 /Users/Mr.Ps/projects/phonebarz/wp-includes/general-template.php(48): locate_template(Array, true, true, Array)
#3 /Users/Mr.Ps/projects/phonebarz/wp-content/themes/storefront/404.php(8): get_header()
#4 /Users/Mr.Ps/projects/phonebarz/wp-includes/template-loader.php(106): include('/Users/Mr.Ps/pr...')
#5 /Users/Mr.Ps/projects/phonebarz/wp-blog-header.php(19): require_once('/Users/Mr.Ps/pr...')
#6 /Users/Mr.Ps/projects/phonebarz/index.php(17): require('/Users/Mr.Ps/pr...')
#7 /Users/Mr.Ps/.composer/vendor/laravel/valet/server.php(250): require('/Users/Mr.Ps/pr...')
#8 {main}
  thrown in /Users/Mr.Ps/projects/phonebarz/wp-content/themes/storefront/header.php on line 529

2023-12-25T10:24:49+00:00 CRITICAL Uncaught Error: Class 'WP_Bootstrap_Navwalker' not found in /Users/Mr.Ps/projects/phonebarz/wp-content/themes/storefront/header.php:529
Stack trace:
#0 /Users/Mr.Ps/projects/phonebarz/wp-includes/template.php(790): require_once()
#1 /Users/Mr.Ps/projects/phonebarz/wp-includes/template.php(725): load_template('/Users/Mr.Ps/pr...', true, Array)
#2 /Users/Mr.Ps/projects/phonebarz/wp-includes/general-template.php(48): locate_template(Array, true, true, Array)
#3 /Users/Mr.Ps/projects/phonebarz/wp-content/themes/storefront/404.php(8): get_header()
#4 /Users/Mr.Ps/projects/phonebarz/wp-includes/template-loader.php(106): include('/Users/Mr.Ps/pr...')
#5 /Users/Mr.Ps/projects/phonebarz/wp-blog-header.php(19): require_once('/Users/Mr.Ps/pr...')
#6 /Users/Mr.Ps/projects/phonebarz/index.php(17): require('/Users/Mr.Ps/pr...')
#7 /Users/Mr.Ps/.composer/vendor/laravel/valet/server.php(250): require('/Users/Mr.Ps/pr...')
#8 {main}
  thrown in /Users/Mr.Ps/projects/phonebarz/wp-content/themes/storefront/header.php on line 529

2023-12-25T10:24:49+00:00 CRITICAL Uncaught Error: Class 'WP_Bootstrap_Navwalker' not found in /Users/Mr.Ps/projects/phonebarz/wp-content/themes/storefront/header.php:529
Stack trace:
#0 /Users/Mr.Ps/projects/phonebarz/wp-includes/template.php(790): require_once()
#1 /Users/Mr.Ps/projects/phonebarz/wp-includes/template.php(725): load_template('/Users/Mr.Ps/pr...', true, Array)
#2 /Users/Mr.Ps/projects/phonebarz/wp-includes/general-template.php(48): locate_template(Array, true, true, Array)
#3 /Users/Mr.Ps/projects/phonebarz/wp-content/themes/storefront/404.php(8): get_header()
#4 /Users/Mr.Ps/projects/phonebarz/wp-includes/template-loader.php(106): include('/Users/Mr.Ps/pr...')
#5 /Users/Mr.Ps/projects/phonebarz/wp-blog-header.php(19): require_once('/Users/Mr.Ps/pr...')
#6 /Users/Mr.Ps/projects/phonebarz/index.php(17): require('/Users/Mr.Ps/pr...')
#7 /Users/Mr.Ps/.composer/vendor/laravel/valet/server.php(250): require('/Users/Mr.Ps/pr...')
#8 {main}
  thrown in /Users/Mr.Ps/projects/phonebarz/wp-content/themes/storefront/header.php on line 529

2023-12-25T10:24:49+00:00 CRITICAL Uncaught Error: Class 'WP_Bootstrap_Navwalker' not found in /Users/Mr.Ps/projects/phonebarz/wp-content/themes/storefront/header.php:529
Stack trace:
#0 /Users/Mr.Ps/projects/phonebarz/wp-includes/template.php(790): require_once()
#1 /Users/Mr.Ps/projects/phonebarz/wp-includes/template.php(725): load_template('/Users/Mr.Ps/pr...', true, Array)
#2 /Users/Mr.Ps/projects/phonebarz/wp-includes/general-template.php(48): locate_template(Array, true, true, Array)
#3 /Users/Mr.Ps/projects/phonebarz/wp-content/themes/storefront/template-homepage.php(7): get_header()
#4 /Users/Mr.Ps/projects/phonebarz/wp-includes/template-loader.php(106): include('/Users/Mr.Ps/pr...')
#5 /Users/Mr.Ps/projects/phonebarz/wp-blog-header.php(19): require_once('/Users/Mr.Ps/pr...')
#6 /Users/Mr.Ps/projects/phonebarz/index.php(17): require('/Users/Mr.Ps/pr...')
#7 /Users/Mr.Ps/.composer/vendor/laravel/valet/server.php(250): require('/Users/Mr.Ps/pr...')
#8 {main}
  thrown in /Users/Mr.Ps/projects/phonebarz/wp-content/themes/storefront/header.php on line 529

2023-12-25T10:24:51+00:00 CRITICAL Uncaught Error: Class 'WP_Bootstrap_Navwalker' not found in /Users/Mr.Ps/projects/phonebarz/wp-content/themes/storefront/header.php:529
Stack trace:
#0 /Users/Mr.Ps/projects/phonebarz/wp-includes/template.php(790): require_once()
#1 /Users/Mr.Ps/projects/phonebarz/wp-includes/template.php(725): load_template('/Users/Mr.Ps/pr...', true, Array)
#2 /Users/Mr.Ps/projects/phonebarz/wp-includes/general-template.php(48): locate_template(Array, true, true, Array)
#3 /Users/Mr.Ps/projects/phonebarz/wp-content/themes/storefront/404.php(8): get_header()
#4 /Users/Mr.Ps/projects/phonebarz/wp-includes/template-loader.php(106): include('/Users/Mr.Ps/pr...')
#5 /Users/Mr.Ps/projects/phonebarz/wp-blog-header.php(19): require_once('/Users/Mr.Ps/pr...')
#6 /Users/Mr.Ps/projects/phonebarz/index.php(17): require('/Users/Mr.Ps/pr...')
#7 /Users/Mr.Ps/.composer/vendor/laravel/valet/server.php(250): require('/Users/Mr.Ps/pr...')
#8 {main}
  thrown in /Users/Mr.Ps/projects/phonebarz/wp-content/themes/storefront/header.php on line 529

2023-12-25T10:24:51+00:00 CRITICAL Uncaught Error: Class 'WP_Bootstrap_Navwalker' not found in /Users/Mr.Ps/projects/phonebarz/wp-content/themes/storefront/header.php:529
Stack trace:
#0 /Users/Mr.Ps/projects/phonebarz/wp-includes/template.php(790): require_once()
#1 /Users/Mr.Ps/projects/phonebarz/wp-includes/template.php(725): load_template('/Users/Mr.Ps/pr...', true, Array)
#2 /Users/Mr.Ps/projects/phonebarz/wp-includes/general-template.php(48): locate_template(Array, true, true, Array)
#3 /Users/Mr.Ps/projects/phonebarz/wp-content/themes/storefront/404.php(8): get_header()
#4 /Users/Mr.Ps/projects/phonebarz/wp-includes/template-loader.php(106): include('/Users/Mr.Ps/pr...')
#5 /Users/Mr.Ps/projects/phonebarz/wp-blog-header.php(19): require_once('/Users/Mr.Ps/pr...')
#6 /Users/Mr.Ps/projects/phonebarz/index.php(17): require('/Users/Mr.Ps/pr...')
#7 /Users/Mr.Ps/.composer/vendor/laravel/valet/server.php(250): require('/Users/Mr.Ps/pr...')
#8 {main}
  thrown in /Users/Mr.Ps/projects/phonebarz/wp-content/themes/storefront/header.php on line 529

2023-12-25T10:25:15+00:00 CRITICAL Uncaught Error: Class 'WP_Bootstrap_Navwalker' not found in /Users/Mr.Ps/projects/phonebarz/wp-content/themes/storefront/header.php:521
Stack trace:
#0 /Users/Mr.Ps/projects/phonebarz/wp-includes/template.php(790): require_once()
#1 /Users/Mr.Ps/projects/phonebarz/wp-includes/template.php(725): load_template('/Users/Mr.Ps/pr...', true, Array)
#2 /Users/Mr.Ps/projects/phonebarz/wp-includes/general-template.php(48): locate_template(Array, true, true, Array)
#3 /Users/Mr.Ps/projects/phonebarz/wp-content/themes/storefront/template-homepage.php(7): get_header()
#4 /Users/Mr.Ps/projects/phonebarz/wp-includes/template-loader.php(106): include('/Users/Mr.Ps/pr...')
#5 /Users/Mr.Ps/projects/phonebarz/wp-blog-header.php(19): require_once('/Users/Mr.Ps/pr...')
#6 /Users/Mr.Ps/projects/phonebarz/index.php(17): require('/Users/Mr.Ps/pr...')
#7 /Users/Mr.Ps/.composer/vendor/laravel/valet/server.php(250): require('/Users/Mr.Ps/pr...')
#8 {main}
  thrown in /Users/Mr.Ps/projects/phonebarz/wp-content/themes/storefront/header.php on line 521

2023-12-25T10:25:18+00:00 CRITICAL Uncaught Error: Class 'WP_Bootstrap_Navwalker' not found in /Users/Mr.Ps/projects/phonebarz/wp-content/themes/storefront/header.php:521
Stack trace:
#0 /Users/Mr.Ps/projects/phonebarz/wp-includes/template.php(790): require_once()
#1 /Users/Mr.Ps/projects/phonebarz/wp-includes/template.php(725): load_template('/Users/Mr.Ps/pr...', true, Array)
#2 /Users/Mr.Ps/projects/phonebarz/wp-includes/general-template.php(48): locate_template(Array, true, true, Array)
#3 /Users/Mr.Ps/projects/phonebarz/wp-content/themes/storefront/404.php(8): get_header()
#4 /Users/Mr.Ps/projects/phonebarz/wp-includes/template-loader.php(106): include('/Users/Mr.Ps/pr...')
#5 /Users/Mr.Ps/projects/phonebarz/wp-blog-header.php(19): require_once('/Users/Mr.Ps/pr...')
#6 /Users/Mr.Ps/projects/phonebarz/index.php(17): require('/Users/Mr.Ps/pr...')
#7 /Users/Mr.Ps/.composer/vendor/laravel/valet/server.php(250): require('/Users/Mr.Ps/pr...')
#8 {main}
  thrown in /Users/Mr.Ps/projects/phonebarz/wp-content/themes/storefront/header.php on line 521

2023-12-25T10:25:18+00:00 CRITICAL Uncaught Error: Class 'WP_Bootstrap_Navwalker' not found in /Users/Mr.Ps/projects/phonebarz/wp-content/themes/storefront/header.php:521
Stack trace:
#0 /Users/Mr.Ps/projects/phonebarz/wp-includes/template.php(790): require_once()
#1 /Users/Mr.Ps/projects/phonebarz/wp-includes/template.php(725): load_template('/Users/Mr.Ps/pr...', true, Array)
#2 /Users/Mr.Ps/projects/phonebarz/wp-includes/general-template.php(48): locate_template(Array, true, true, Array)
#3 /Users/Mr.Ps/projects/phonebarz/wp-content/themes/storefront/404.php(8): get_header()
#4 /Users/Mr.Ps/projects/phonebarz/wp-includes/template-loader.php(106): include('/Users/Mr.Ps/pr...')
#5 /Users/Mr.Ps/projects/phonebarz/wp-blog-header.php(19): require_once('/Users/Mr.Ps/pr...')
#6 /Users/Mr.Ps/projects/phonebarz/index.php(17): require('/Users/Mr.Ps/pr...')
#7 /Users/Mr.Ps/.composer/vendor/laravel/valet/server.php(250): require('/Users/Mr.Ps/pr...')
#8 {main}
  thrown in /Users/Mr.Ps/projects/phonebarz/wp-content/themes/storefront/header.php on line 521

2023-12-25T10:26:34+00:00 CRITICAL Uncaught Error: Class 'WP_Bootstrap_Navwalker' not found in /Users/Mr.Ps/projects/phonebarz/wp-content/themes/storefront/header.php:519
Stack trace:
#0 /Users/Mr.Ps/projects/phonebarz/wp-includes/template.php(790): require_once()
#1 /Users/Mr.Ps/projects/phonebarz/wp-includes/template.php(725): load_template('/Users/Mr.Ps/pr...', true, Array)
#2 /Users/Mr.Ps/projects/phonebarz/wp-includes/general-template.php(48): locate_template(Array, true, true, Array)
#3 /Users/Mr.Ps/projects/phonebarz/wp-content/themes/storefront/template-homepage.php(7): get_header()
#4 /Users/Mr.Ps/projects/phonebarz/wp-includes/template-loader.php(106): include('/Users/Mr.Ps/pr...')
#5 /Users/Mr.Ps/projects/phonebarz/wp-blog-header.php(19): require_once('/Users/Mr.Ps/pr...')
#6 /Users/Mr.Ps/projects/phonebarz/index.php(17): require('/Users/Mr.Ps/pr...')
#7 /Users/Mr.Ps/.composer/vendor/laravel/valet/server.php(250): require('/Users/Mr.Ps/pr...')
#8 {main}
  thrown in /Users/Mr.Ps/projects/phonebarz/wp-content/themes/storefront/header.php on line 519

2023-12-25T10:26:35+00:00 CRITICAL Uncaught Error: Class 'WP_Bootstrap_Navwalker' not found in /Users/Mr.Ps/projects/phonebarz/wp-content/themes/storefront/header.php:519
Stack trace:
#0 /Users/Mr.Ps/projects/phonebarz/wp-includes/template.php(790): require_once()
#1 /Users/Mr.Ps/projects/phonebarz/wp-includes/template.php(725): load_template('/Users/Mr.Ps/pr...', true, Array)
#2 /Users/Mr.Ps/projects/phonebarz/wp-includes/general-template.php(48): locate_template(Array, true, true, Array)
#3 /Users/Mr.Ps/projects/phonebarz/wp-content/themes/storefront/404.php(8): get_header()
#4 /Users/Mr.Ps/projects/phonebarz/wp-includes/template-loader.php(106): include('/Users/Mr.Ps/pr...')
#5 /Users/Mr.Ps/projects/phonebarz/wp-blog-header.php(19): require_once('/Users/Mr.Ps/pr...')
#6 /Users/Mr.Ps/projects/phonebarz/index.php(17): require('/Users/Mr.Ps/pr...')
#7 /Users/Mr.Ps/.composer/vendor/laravel/valet/server.php(250): require('/Users/Mr.Ps/pr...')
#8 {main}
  thrown in /Users/Mr.Ps/projects/phonebarz/wp-content/themes/storefront/header.php on line 519

2023-12-25T10:26:35+00:00 CRITICAL Uncaught Error: Class 'WP_Bootstrap_Navwalker' not found in /Users/Mr.Ps/projects/phonebarz/wp-content/themes/storefront/header.php:519
Stack trace:
#0 /Users/Mr.Ps/projects/phonebarz/wp-includes/template.php(790): require_once()
#1 /Users/Mr.Ps/projects/phonebarz/wp-includes/template.php(725): load_template('/Users/Mr.Ps/pr...', true, Array)
#2 /Users/Mr.Ps/projects/phonebarz/wp-includes/general-template.php(48): locate_template(Array, true, true, Array)
#3 /Users/Mr.Ps/projects/phonebarz/wp-content/themes/storefront/404.php(8): get_header()
#4 /Users/Mr.Ps/projects/phonebarz/wp-includes/template-loader.php(106): include('/Users/Mr.Ps/pr...')
#5 /Users/Mr.Ps/projects/phonebarz/wp-blog-header.php(19): require_once('/Users/Mr.Ps/pr...')
#6 /Users/Mr.Ps/projects/phonebarz/index.php(17): require('/Users/Mr.Ps/pr...')
#7 /Users/Mr.Ps/.composer/vendor/laravel/valet/server.php(250): require('/Users/Mr.Ps/pr...')
#8 {main}
  thrown in /Users/Mr.Ps/projects/phonebarz/wp-content/themes/storefront/header.php on line 519

2023-12-25T10:32:29+00:00 CRITICAL Uncaught Error: Class 'WP_Bootstrap_Navwalker' not found in /Users/Mr.Ps/projects/phonebarz/wp-content/themes/storefront/header.php:570
Stack trace:
#0 /Users/Mr.Ps/projects/phonebarz/wp-includes/template.php(790): require_once()
#1 /Users/Mr.Ps/projects/phonebarz/wp-includes/template.php(725): load_template('/Users/Mr.Ps/pr...', true, Array)
#2 /Users/Mr.Ps/projects/phonebarz/wp-includes/general-template.php(48): locate_template(Array, true, true, Array)
#3 /Users/Mr.Ps/projects/phonebarz/wp-content/themes/storefront/template-homepage.php(7): get_header()
#4 /Users/Mr.Ps/projects/phonebarz/wp-includes/template-loader.php(106): include('/Users/Mr.Ps/pr...')
#5 /Users/Mr.Ps/projects/phonebarz/wp-blog-header.php(19): require_once('/Users/Mr.Ps/pr...')
#6 /Users/Mr.Ps/projects/phonebarz/index.php(17): require('/Users/Mr.Ps/pr...')
#7 /Users/Mr.Ps/.composer/vendor/laravel/valet/server.php(250): require('/Users/Mr.Ps/pr...')
#8 {main}
  thrown in /Users/Mr.Ps/projects/phonebarz/wp-content/themes/storefront/header.php on line 570

2023-12-25T10:32:32+00:00 CRITICAL Uncaught Error: Class 'WP_Bootstrap_Navwalker' not found in /Users/Mr.Ps/projects/phonebarz/wp-content/themes/storefront/header.php:570
Stack trace:
#0 /Users/Mr.Ps/projects/phonebarz/wp-includes/template.php(790): require_once()
#1 /Users/Mr.Ps/projects/phonebarz/wp-includes/template.php(725): load_template('/Users/Mr.Ps/pr...', true, Array)
#2 /Users/Mr.Ps/projects/phonebarz/wp-includes/general-template.php(48): locate_template(Array, true, true, Array)
#3 /Users/Mr.Ps/projects/phonebarz/wp-content/themes/storefront/404.php(8): get_header()
#4 /Users/Mr.Ps/projects/phonebarz/wp-includes/template-loader.php(106): include('/Users/Mr.Ps/pr...')
#5 /Users/Mr.Ps/projects/phonebarz/wp-blog-header.php(19): require_once('/Users/Mr.Ps/pr...')
#6 /Users/Mr.Ps/projects/phonebarz/index.php(17): require('/Users/Mr.Ps/pr...')
#7 /Users/Mr.Ps/.composer/vendor/laravel/valet/server.php(250): require('/Users/Mr.Ps/pr...')
#8 {main}
  thrown in /Users/Mr.Ps/projects/phonebarz/wp-content/themes/storefront/header.php on line 570

2023-12-25T10:32:32+00:00 CRITICAL Uncaught Error: Class 'WP_Bootstrap_Navwalker' not found in /Users/Mr.Ps/projects/phonebarz/wp-content/themes/storefront/header.php:570
Stack trace:
#0 /Users/Mr.Ps/projects/phonebarz/wp-includes/template.php(790): require_once()
#1 /Users/Mr.Ps/projects/phonebarz/wp-includes/template.php(725): load_template('/Users/Mr.Ps/pr...', true, Array)
#2 /Users/Mr.Ps/projects/phonebarz/wp-includes/general-template.php(48): locate_template(Array, true, true, Array)
#3 /Users/Mr.Ps/projects/phonebarz/wp-content/themes/storefront/404.php(8): get_header()
#4 /Users/Mr.Ps/projects/phonebarz/wp-includes/template-loader.php(106): include('/Users/Mr.Ps/pr...')
#5 /Users/Mr.Ps/projects/phonebarz/wp-blog-header.php(19): require_once('/Users/Mr.Ps/pr...')
#6 /Users/Mr.Ps/projects/phonebarz/index.php(17): require('/Users/Mr.Ps/pr...')
#7 /Users/Mr.Ps/.composer/vendor/laravel/valet/server.php(250): require('/Users/Mr.Ps/pr...')
#8 {main}
  thrown in /Users/Mr.Ps/projects/phonebarz/wp-content/themes/storefront/header.php on line 570

2023-12-25T10:33:17+00:00 CRITICAL require_once(): Failed opening required '/Users/Mr.Ps/projects/phonebarz/wp-content/themes/storefront/class-wp-bootstrap-navwalker.php' (include_path='.:/usr/local/Cellar/php@7.4/7.4.33_5/share/php@7.4/pear') in /Users/Mr.Ps/projects/phonebarz/wp-content/themes/storefront/functions.php on line 80

2023-12-25T10:36:23+00:00 CRITICAL Uncaught Error: Class 'WP_Bootstrap_Navwalker' not found in /Users/Mr.Ps/projects/phonebarz/wp-content/themes/storefront/header.php:527
Stack trace:
#0 /Users/Mr.Ps/projects/phonebarz/wp-includes/template.php(790): require_once()
#1 /Users/Mr.Ps/projects/phonebarz/wp-includes/template.php(725): load_template('/Users/Mr.Ps/pr...', true, Array)
#2 /Users/Mr.Ps/projects/phonebarz/wp-includes/general-template.php(48): locate_template(Array, true, true, Array)
#3 /Users/Mr.Ps/projects/phonebarz/wp-content/themes/storefront/template-homepage.php(7): get_header()
#4 /Users/Mr.Ps/projects/phonebarz/wp-includes/template-loader.php(106): include('/Users/Mr.Ps/pr...')
#5 /Users/Mr.Ps/projects/phonebarz/wp-blog-header.php(19): require_once('/Users/Mr.Ps/pr...')
#6 /Users/Mr.Ps/projects/phonebarz/index.php(17): require('/Users/Mr.Ps/pr...')
#7 /Users/Mr.Ps/.composer/vendor/laravel/valet/server.php(250): require('/Users/Mr.Ps/pr...')
#8 {main}
  thrown in /Users/Mr.Ps/projects/phonebarz/wp-content/themes/storefront/header.php on line 527

2023-12-25T10:36:25+00:00 CRITICAL Uncaught Error: Class 'WP_Bootstrap_Navwalker' not found in /Users/Mr.Ps/projects/phonebarz/wp-content/themes/storefront/header.php:527
Stack trace:
#0 /Users/Mr.Ps/projects/phonebarz/wp-includes/template.php(790): require_once()
#1 /Users/Mr.Ps/projects/phonebarz/wp-includes/template.php(725): load_template('/Users/Mr.Ps/pr...', true, Array)
#2 /Users/Mr.Ps/projects/phonebarz/wp-includes/general-template.php(48): locate_template(Array, true, true, Array)
#3 /Users/Mr.Ps/projects/phonebarz/wp-content/themes/storefront/404.php(8): get_header()
#4 /Users/Mr.Ps/projects/phonebarz/wp-includes/template-loader.php(106): include('/Users/Mr.Ps/pr...')
#5 /Users/Mr.Ps/projects/phonebarz/wp-blog-header.php(19): require_once('/Users/Mr.Ps/pr...')
#6 /Users/Mr.Ps/projects/phonebarz/index.php(17): require('/Users/Mr.Ps/pr...')
#7 /Users/Mr.Ps/.composer/vendor/laravel/valet/server.php(250): require('/Users/Mr.Ps/pr...')
#8 {main}
  thrown in /Users/Mr.Ps/projects/phonebarz/wp-content/themes/storefront/header.php on line 527

2023-12-25T10:36:25+00:00 CRITICAL Uncaught Error: Class 'WP_Bootstrap_Navwalker' not found in /Users/Mr.Ps/projects/phonebarz/wp-content/themes/storefront/header.php:527
Stack trace:
#0 /Users/Mr.Ps/projects/phonebarz/wp-includes/template.php(790): require_once()
#1 /Users/Mr.Ps/projects/phonebarz/wp-includes/template.php(725): load_template('/Users/Mr.Ps/pr...', true, Array)
#2 /Users/Mr.Ps/projects/phonebarz/wp-includes/general-template.php(48): locate_template(Array, true, true, Array)
#3 /Users/Mr.Ps/projects/phonebarz/wp-content/themes/storefront/404.php(8): get_header()
#4 /Users/Mr.Ps/projects/phonebarz/wp-includes/template-loader.php(106): include('/Users/Mr.Ps/pr...')
#5 /Users/Mr.Ps/projects/phonebarz/wp-blog-header.php(19): require_once('/Users/Mr.Ps/pr...')
#6 /Users/Mr.Ps/projects/phonebarz/index.php(17): require('/Users/Mr.Ps/pr...')
#7 /Users/Mr.Ps/.composer/vendor/laravel/valet/server.php(250): require('/Users/Mr.Ps/pr...')
#8 {main}
  thrown in /Users/Mr.Ps/projects/phonebarz/wp-content/themes/storefront/header.php on line 527

2023-12-25T10:37:40+00:00 CRITICAL Uncaught Error: Class 'WP_Bootstrap_Navwalker' not found in /Users/Mr.Ps/projects/phonebarz/wp-content/themes/storefront/header.php:527
Stack trace:
#0 /Users/Mr.Ps/projects/phonebarz/wp-includes/template.php(790): require_once()
#1 /Users/Mr.Ps/projects/phonebarz/wp-includes/template.php(725): load_template('/Users/Mr.Ps/pr...', true, Array)
#2 /Users/Mr.Ps/projects/phonebarz/wp-includes/general-template.php(48): locate_template(Array, true, true, Array)
#3 /Users/Mr.Ps/projects/phonebarz/wp-content/themes/storefront/template-homepage.php(7): get_header()
#4 /Users/Mr.Ps/projects/phonebarz/wp-includes/template-loader.php(106): include('/Users/Mr.Ps/pr...')
#5 /Users/Mr.Ps/projects/phonebarz/wp-blog-header.php(19): require_once('/Users/Mr.Ps/pr...')
#6 /Users/Mr.Ps/projects/phonebarz/index.php(17): require('/Users/Mr.Ps/pr...')
#7 /Users/Mr.Ps/.composer/vendor/laravel/valet/server.php(250): require('/Users/Mr.Ps/pr...')
#8 {main}
  thrown in /Users/Mr.Ps/projects/phonebarz/wp-content/themes/storefront/header.php on line 527

2023-12-25T10:37:44+00:00 CRITICAL Uncaught Error: Class 'WP_Bootstrap_Navwalker' not found in /Users/Mr.Ps/projects/phonebarz/wp-content/themes/storefront/header.php:527
Stack trace:
#0 /Users/Mr.Ps/projects/phonebarz/wp-includes/template.php(790): require_once()
#1 /Users/Mr.Ps/projects/phonebarz/wp-includes/template.php(725): load_template('/Users/Mr.Ps/pr...', true, Array)
#2 /Users/Mr.Ps/projects/phonebarz/wp-includes/general-template.php(48): locate_template(Array, true, true, Array)
#3 /Users/Mr.Ps/projects/phonebarz/wp-content/themes/storefront/404.php(8): get_header()
#4 /Users/Mr.Ps/projects/phonebarz/wp-includes/template-loader.php(106): include('/Users/Mr.Ps/pr...')
#5 /Users/Mr.Ps/projects/phonebarz/wp-blog-header.php(19): require_once('/Users/Mr.Ps/pr...')
#6 /Users/Mr.Ps/projects/phonebarz/index.php(17): require('/Users/Mr.Ps/pr...')
#7 /Users/Mr.Ps/.composer/vendor/laravel/valet/server.php(250): require('/Users/Mr.Ps/pr...')
#8 {main}
  thrown in /Users/Mr.Ps/projects/phonebarz/wp-content/themes/storefront/header.php on line 527

2023-12-25T10:37:44+00:00 CRITICAL Uncaught Error: Class 'WP_Bootstrap_Navwalker' not found in /Users/Mr.Ps/projects/phonebarz/wp-content/themes/storefront/header.php:527
Stack trace:
#0 /Users/Mr.Ps/projects/phonebarz/wp-includes/template.php(790): require_once()
#1 /Users/Mr.Ps/projects/phonebarz/wp-includes/template.php(725): load_template('/Users/Mr.Ps/pr...', true, Array)
#2 /Users/Mr.Ps/projects/phonebarz/wp-includes/general-template.php(48): locate_template(Array, true, true, Array)
#3 /Users/Mr.Ps/projects/phonebarz/wp-content/themes/storefront/404.php(8): get_header()
#4 /Users/Mr.Ps/projects/phonebarz/wp-includes/template-loader.php(106): include('/Users/Mr.Ps/pr...')
#5 /Users/Mr.Ps/projects/phonebarz/wp-blog-header.php(19): require_once('/Users/Mr.Ps/pr...')
#6 /Users/Mr.Ps/projects/phonebarz/index.php(17): require('/Users/Mr.Ps/pr...')
#7 /Users/Mr.Ps/.composer/vendor/laravel/valet/server.php(250): require('/Users/Mr.Ps/pr...')
#8 {main}
  thrown in /Users/Mr.Ps/projects/phonebarz/wp-content/themes/storefront/header.php on line 527

2023-12-25T10:41:04+00:00 CRITICAL Uncaught Error: Class 'WP_Bootstrap_Navwalker' not found in /Users/Mr.Ps/projects/phonebarz/wp-content/themes/storefront/header.php:527
Stack trace:
#0 /Users/Mr.Ps/projects/phonebarz/wp-includes/template.php(790): require_once()
#1 /Users/Mr.Ps/projects/phonebarz/wp-includes/template.php(725): load_template('/Users/Mr.Ps/pr...', true, Array)
#2 /Users/Mr.Ps/projects/phonebarz/wp-includes/general-template.php(48): locate_template(Array, true, true, Array)
#3 /Users/Mr.Ps/projects/phonebarz/wp-content/themes/storefront/template-homepage.php(7): get_header()
#4 /Users/Mr.Ps/projects/phonebarz/wp-includes/template-loader.php(106): include('/Users/Mr.Ps/pr...')
#5 /Users/Mr.Ps/projects/phonebarz/wp-blog-header.php(19): require_once('/Users/Mr.Ps/pr...')
#6 /Users/Mr.Ps/projects/phonebarz/index.php(17): require('/Users/Mr.Ps/pr...')
#7 /Users/Mr.Ps/.composer/vendor/laravel/valet/server.php(250): require('/Users/Mr.Ps/pr...')
#8 {main}
  thrown in /Users/Mr.Ps/projects/phonebarz/wp-content/themes/storefront/header.php on line 527

2023-12-25T10:41:06+00:00 CRITICAL Uncaught Error: Class 'WP_Bootstrap_Navwalker' not found in /Users/Mr.Ps/projects/phonebarz/wp-content/themes/storefront/header.php:527
Stack trace:
#0 /Users/Mr.Ps/projects/phonebarz/wp-includes/template.php(790): require_once()
#1 /Users/Mr.Ps/projects/phonebarz/wp-includes/template.php(725): load_template('/Users/Mr.Ps/pr...', true, Array)
#2 /Users/Mr.Ps/projects/phonebarz/wp-includes/general-template.php(48): locate_template(Array, true, true, Array)
#3 /Users/Mr.Ps/projects/phonebarz/wp-content/themes/storefront/404.php(8): get_header()
#4 /Users/Mr.Ps/projects/phonebarz/wp-includes/template-loader.php(106): include('/Users/Mr.Ps/pr...')
#5 /Users/Mr.Ps/projects/phonebarz/wp-blog-header.php(19): require_once('/Users/Mr.Ps/pr...')
#6 /Users/Mr.Ps/projects/phonebarz/index.php(17): require('/Users/Mr.Ps/pr...')
#7 /Users/Mr.Ps/.composer/vendor/laravel/valet/server.php(250): require('/Users/Mr.Ps/pr...')
#8 {main}
  thrown in /Users/Mr.Ps/projects/phonebarz/wp-content/themes/storefront/header.php on line 527

2023-12-25T10:41:06+00:00 CRITICAL Uncaught Error: Class 'WP_Bootstrap_Navwalker' not found in /Users/Mr.Ps/projects/phonebarz/wp-content/themes/storefront/header.php:527
Stack trace:
#0 /Users/Mr.Ps/projects/phonebarz/wp-includes/template.php(790): require_once()
#1 /Users/Mr.Ps/projects/phonebarz/wp-includes/template.php(725): load_template('/Users/Mr.Ps/pr...', true, Array)
#2 /Users/Mr.Ps/projects/phonebarz/wp-includes/general-template.php(48): locate_template(Array, true, true, Array)
#3 /Users/Mr.Ps/projects/phonebarz/wp-content/themes/storefront/404.php(8): get_header()
#4 /Users/Mr.Ps/projects/phonebarz/wp-includes/template-loader.php(106): include('/Users/Mr.Ps/pr...')
#5 /Users/Mr.Ps/projects/phonebarz/wp-blog-header.php(19): require_once('/Users/Mr.Ps/pr...')
#6 /Users/Mr.Ps/projects/phonebarz/index.php(17): require('/Users/Mr.Ps/pr...')
#7 /Users/Mr.Ps/.composer/vendor/laravel/valet/server.php(250): require('/Users/Mr.Ps/pr...')
#8 {main}
  thrown in /Users/Mr.Ps/projects/phonebarz/wp-content/themes/storefront/header.php on line 527

2023-12-25T11:44:28+00:00 CRITICAL syntax error, unexpected 'class' (T_CLASS), expecting function (T_FUNCTION) or const (T_CONST) in /Users/Mr.Ps/projects/phonebarz/wp-content/themes/storefront/custom-menu-walker.php on line 4

2023-12-25T11:44:28+00:00 CRITICAL syntax error, unexpected 'class' (T_CLASS), expecting function (T_FUNCTION) or const (T_CONST) in /Users/Mr.Ps/projects/phonebarz/wp-content/themes/storefront/custom-menu-walker.php on line 4

2023-12-25T11:44:31+00:00 CRITICAL syntax error, unexpected 'class' (T_CLASS), expecting function (T_FUNCTION) or const (T_CONST) in /Users/Mr.Ps/projects/phonebarz/wp-content/themes/storefront/custom-menu-walker.php on line 4

2023-12-25T11:44:38+00:00 CRITICAL syntax error, unexpected 'class' (T_CLASS), expecting function (T_FUNCTION) or const (T_CONST) in /Users/Mr.Ps/projects/phonebarz/wp-content/themes/storefront/custom-menu-walker.php on line 4

2023-12-25T11:44:40+00:00 CRITICAL syntax error, unexpected 'class' (T_CLASS), expecting function (T_FUNCTION) or const (T_CONST) in /Users/Mr.Ps/projects/phonebarz/wp-content/themes/storefront/custom-menu-walker.php on line 4

2023-12-25T11:44:56+00:00 CRITICAL syntax error, unexpected '}', expecting end of file in /Users/Mr.Ps/projects/phonebarz/wp-content/themes/storefront/custom-menu-walker.php on line 60

2023-12-25T11:45:00+00:00 CRITICAL syntax error, unexpected '}', expecting end of file in /Users/Mr.Ps/projects/phonebarz/wp-content/themes/storefront/custom-menu-walker.php on line 60

